This file contains any messages produced by compilers while
running configure, to aid debugging if configure makes a mistake.

It was created by configure, which was
generated by GNU Autoconf 2.69.  Invocation command line was

  $ /tmp/sos/httpd-2.2.32/srclib/pcre/configure --disable-option-checking --with-mpm=itk --enable-mods-shared=all --prefix=/etc/httpd --enable-suexec --enable-cgi --enable-proxy --enable-cache --enable-disk-cache --enable-authn-alias --enable-authn-anon --enable-authn-dbm --enable-ssl --cache-file=/dev/null --srcdir=/tmp/sos/httpd-2.2.32/srclib/pcre --prefix=/etc/httpd --exec-prefix=/etc/httpd --libdir=${prefix}/lib --includedir=/etc/httpd/include --bindir=${prefix}/bin

## --------- ##
## Platform. ##
## --------- ##

hostname = ebs-54289
uname -m = x86_64
uname -r = 2.6.32-358.el6.x86_64
uname -s = Linux
uname -v = #1 SMP Fri Feb 22 00:31:26 UTC 2013

/usr/bin/uname -p = unknown
/bin/uname -X     = unknown

/bin/arch              = x86_64
/usr/bin/arch -k       = unknown
/usr/convex/getsysinfo = unknown
/usr/bin/hostinfo      = unknown
/bin/machine           = unknown
/usr/bin/oslevel       = unknown
/bin/universe          = unknown

PATH: /usr/local/sbin
PATH: /usr/local/bin
PATH: /sbin
PATH: /bin
PATH: /usr/sbin
PATH: /usr/bin
PATH: /root/bin


## ----------- ##
## Core tests. ##
## ----------- ##

configure:2251: checking for gcc
configure:2278: result: gcc
configure:2507: checking for C compiler version
configure:2516: gcc --version >&5
gcc (GCC) 4.4.7 20120313 (Red Hat 4.4.7-18)
Copyright (C) 2010 Free Software Foundation, Inc.
This is free software; see the source for copying conditions.  There is NO
warranty; not even for MERCHANTABILITY or FITNESS FOR A PARTICULAR PURPOSE.

configure:2527: $? = 0
configure:2516: gcc -v >&5
Using built-in specs.
Target: x86_64-redhat-linux
Configured with: ../configure --prefix=/usr --mandir=/usr/share/man --infodir=/usr/share/info --with-bugurl=http://bugzilla.redhat.com/bugzilla --enable-bootstrap --enable-shared --enable-threads=posix --enable-checking=release --with-system-zlib --enable-__cxa_atexit --disable-libunwind-exceptions --enable-gnu-unique-object --enable-languages=c,c++,objc,obj-c++,java,fortran,ada --enable-java-awt=gtk --disable-dssi --with-java-home=/usr/lib/jvm/java-1.5.0-gcj-1.5.0.0/jre --enable-libgcj-multifile --enable-java-maintainer-mode --with-ecj-jar=/usr/share/java/eclipse-ecj.jar --disable-libjava-multilib --with-ppl --with-cloog --with-tune=generic --with-arch_32=i686 --build=x86_64-redhat-linux
Thread model: posix
gcc version 4.4.7 20120313 (Red Hat 4.4.7-18) (GCC) 
configure:2527: $? = 0
configure:2516: gcc -V >&5
gcc: '-V' option must have argument
configure:2527: $? = 1
configure:2516: gcc -qversion >&5
gcc: unrecognized option '-qversion'
gcc: no input files
configure:2527: $? = 1
configure:2547: checking whether the C compiler works
configure:2569: gcc    conftest.c  >&5
configure:2573: $? = 0
configure:2621: result: yes
configure:2624: checking for C compiler default output file name
configure:2626: result: a.out
configure:2632: checking for suffix of executables
configure:2639: gcc -o conftest    conftest.c  >&5
configure:2643: $? = 0
configure:2665: result: 
configure:2687: checking whether we are cross compiling
configure:2695: gcc -o conftest    conftest.c  >&5
configure:2699: $? = 0
configure:2706: ./conftest
configure:2710: $? = 0
configure:2725: result: no
configure:2730: checking for suffix of object files
configure:2752: gcc -c   conftest.c >&5
configure:2756: $? = 0
configure:2777: result: o
configure:2781: checking whether we are using the GNU C compiler
configure:2800: gcc -c   conftest.c >&5
configure:2800: $? = 0
configure:2809: result: yes
configure:2818: checking whether gcc accepts -g
configure:2838: gcc -c -g  conftest.c >&5
configure:2838: $? = 0
configure:2879: result: yes
configure:2896: checking for gcc option to accept ISO C89
configure:2959: gcc  -c -g -O2  conftest.c >&5
configure:2959: $? = 0
configure:2972: result: none needed
configure:3000: checking how to run the C preprocessor
configure:3070: result: gcc -E
configure:3090: gcc -E  conftest.c
configure:3090: $? = 0
configure:3104: gcc -E  conftest.c
conftest.c:9:28: error: ac_nonexistent.h: No such file or directory
configure:3104: $? = 1
configure: failed program was:
| /* confdefs.h */
| #define PACKAGE_NAME ""
| #define PACKAGE_TARNAME ""
| #define PACKAGE_VERSION ""
| #define PACKAGE_STRING ""
| #define PACKAGE_BUGREPORT ""
| #define PACKAGE_URL ""
| /* end confdefs.h.  */
| #include <ac_nonexistent.h>
configure:3133: checking for grep that handles long lines and -e
configure:3191: result: /bin/grep
configure:3196: checking for egrep
configure:3258: result: /bin/grep -E
configure:3263: checking for ANSI C header files
configure:3283: gcc -c -g -O2  conftest.c >&5
configure:3283: $? = 0
configure:3356: gcc -o conftest -g -O2   conftest.c  >&5
configure:3356: $? = 0
configure:3356: ./conftest
configure:3356: $? = 0
configure:3367: result: yes
configure:3380: checking for sys/types.h
configure:3380: gcc -c -g -O2  conftest.c >&5
configure:3380: $? = 0
configure:3380: result: yes
configure:3380: checking for sys/stat.h
configure:3380: gcc -c -g -O2  conftest.c >&5
configure:3380: $? = 0
configure:3380: result: yes
configure:3380: checking for stdlib.h
configure:3380: gcc -c -g -O2  conftest.c >&5
configure:3380: $? = 0
configure:3380: result: yes
configure:3380: checking for string.h
configure:3380: gcc -c -g -O2  conftest.c >&5
configure:3380: $? = 0
configure:3380: result: yes
configure:3380: checking for memory.h
configure:3380: gcc -c -g -O2  conftest.c >&5
configure:3380: $? = 0
configure:3380: result: yes
configure:3380: checking for strings.h
configure:3380: gcc -c -g -O2  conftest.c >&5
configure:3380: $? = 0
configure:3380: result: yes
configure:3380: checking for inttypes.h
configure:3380: gcc -c -g -O2  conftest.c >&5
configure:3380: $? = 0
configure:3380: result: yes
configure:3380: checking for stdint.h
configure:3380: gcc -c -g -O2  conftest.c >&5
configure:3380: $? = 0
configure:3380: result: yes
configure:3380: checking for unistd.h
configure:3380: gcc -c -g -O2  conftest.c >&5
configure:3380: $? = 0
configure:3380: result: yes
configure:3394: checking limits.h usability
configure:3394: gcc -c -g -O2  conftest.c >&5
configure:3394: $? = 0
configure:3394: result: yes
configure:3394: checking limits.h presence
configure:3394: gcc -E  conftest.c
configure:3394: $? = 0
configure:3394: result: yes
configure:3394: checking for limits.h
configure:3394: result: yes
configure:3406: checking for an ANSI C-conforming const
configure:3472: gcc -c -g -O2  conftest.c >&5
configure:3472: $? = 0
configure:3479: result: yes
configure:3487: checking for size_t
configure:3487: gcc -c -g -O2  conftest.c >&5
configure:3487: $? = 0
configure:3487: gcc -c -g -O2  conftest.c >&5
conftest.c: In function 'main':
conftest.c:56: error: expected expression before ')' token
configure:3487: $? = 1
configure: failed program was:
| /* confdefs.h */
| #define PACKAGE_NAME ""
| #define PACKAGE_TARNAME ""
| #define PACKAGE_VERSION ""
| #define PACKAGE_STRING ""
| #define PACKAGE_BUGREPORT ""
| #define PACKAGE_URL ""
| #define STDC_HEADERS 1
| #define HAVE_SYS_TYPES_H 1
| #define HAVE_SYS_STAT_H 1
| #define HAVE_STDLIB_H 1
| #define HAVE_STRING_H 1
| #define HAVE_MEMORY_H 1
| #define HAVE_STRINGS_H 1
| #define HAVE_INTTYPES_H 1
| #define HAVE_STDINT_H 1
| #define HAVE_UNISTD_H 1
| #define HAVE_LIMITS_H 1
| /* end confdefs.h.  */
| #include <stdio.h>
| #ifdef HAVE_SYS_TYPES_H
| # include <sys/types.h>
| #endif
| #ifdef HAVE_SYS_STAT_H
| # include <sys/stat.h>
| #endif
| #ifdef STDC_HEADERS
| # include <stdlib.h>
| # include <stddef.h>
| #else
| # ifdef HAVE_STDLIB_H
| #  include <stdlib.h>
| # endif
| #endif
| #ifdef HAVE_STRING_H
| # if !defined STDC_HEADERS && defined HAVE_MEMORY_H
| #  include <memory.h>
| # endif
| # include <string.h>
| #endif
| #ifdef HAVE_STRINGS_H
| # include <strings.h>
| #endif
| #ifdef HAVE_INTTYPES_H
| # include <inttypes.h>
| #endif
| #ifdef HAVE_STDINT_H
| # include <stdint.h>
| #endif
| #ifdef HAVE_UNISTD_H
| # include <unistd.h>
| #endif
| int
| main ()
| {
| if (sizeof ((size_t)))
| 	    return 0;
|   ;
|   return 0;
| }
configure:3487: result: yes
configure:3503: checking for bcopy
configure:3503: gcc -o conftest -g -O2   conftest.c  >&5
conftest.c:43: warning: conflicting types for built-in function 'bcopy'
configure:3503: $? = 0
configure:3503: result: yes
configure:3503: checking for memmove
configure:3503: gcc -o conftest -g -O2   conftest.c  >&5
conftest.c:44: warning: conflicting types for built-in function 'memmove'
configure:3503: $? = 0
configure:3503: result: yes
configure:3503: checking for strerror
configure:3503: gcc -o conftest -g -O2   conftest.c  >&5
configure:3503: $? = 0
configure:3503: result: yes
configure:3768: creating ./config.status

## ---------------------- ##
## Running config.status. ##
## ---------------------- ##

This file was extended by config.status, which was
generated by GNU Autoconf 2.69.  Invocation command line was

  CONFIG_FILES    = 
  CONFIG_HEADERS  = 
  CONFIG_LINKS    = 
  CONFIG_COMMANDS = 
  $ ./config.status 

on ebs-54289

config.status:831: creating Makefile
config.status:831: creating pcre.h
config.status:831: creating pcre-config
config.status:831: creating config.h
config.status:1001: config.h is unchanged
config.status:1015: executing default commands

## ---------------- ##
## Cache variables. ##
## ---------------- ##

ac_cv_c_compiler_gnu=yes
ac_cv_c_const=yes
ac_cv_env_CC_set=set
ac_cv_env_CC_value=gcc
ac_cv_env_CFLAGS_set=
ac_cv_env_CFLAGS_value=
ac_cv_env_CPPFLAGS_set=
ac_cv_env_CPPFLAGS_value=
ac_cv_env_CPP_set=set
ac_cv_env_CPP_value='gcc -E'
ac_cv_env_LDFLAGS_set=
ac_cv_env_LDFLAGS_value=
ac_cv_env_LIBS_set=
ac_cv_env_LIBS_value=
ac_cv_env_build_alias_set=
ac_cv_env_build_alias_value=
ac_cv_env_host_alias_set=
ac_cv_env_host_alias_value=
ac_cv_env_target_alias_set=
ac_cv_env_target_alias_value=
ac_cv_func_bcopy=yes
ac_cv_func_memmove=yes
ac_cv_func_strerror=yes
ac_cv_header_inttypes_h=yes
ac_cv_header_limits_h=yes
ac_cv_header_memory_h=yes
ac_cv_header_stdc=yes
ac_cv_header_stdint_h=yes
ac_cv_header_stdlib_h=yes
ac_cv_header_string_h=yes
ac_cv_header_strings_h=yes
ac_cv_header_sys_stat_h=yes
ac_cv_header_sys_types_h=yes
ac_cv_header_unistd_h=yes
ac_cv_objext=o
ac_cv_path_EGREP='/bin/grep -E'
ac_cv_path_GREP=/bin/grep
ac_cv_prog_CPP='gcc -E'
ac_cv_prog_ac_ct_CC=gcc
ac_cv_prog_cc_c89=
ac_cv_prog_cc_g=yes
ac_cv_type_size_t=yes

## ----------------- ##
## Output variables. ##
## ----------------- ##

BUILD_EXEEXT=''
BUILD_OBJEXT=''
CC='gcc'
CC_FOR_BUILD=''
CFLAGS='-g -O2'
CFLAGS_FOR_BUILD=''
CPP='gcc -E'
CPPFLAGS=''
DEFS='-DHAVE_CONFIG_H'
EBCDIC=''
ECHO_C=''
ECHO_N='-n'
ECHO_T=''
EGREP='/bin/grep -E'
EXEEXT=''
GREP='/bin/grep'
HAVE_MEMMOVE=''
HAVE_STRERROR=''
LDFLAGS=''
LIBOBJS=''
LIBS=''
LIBSUFFIX='la'
LIBTOOL='./libtool'
LINK_SIZE=''
LTLIBOBJS=''
MATCH_LIMIT=''
NEWLINE=''
NO_RECURSE=''
OBJEXT='o'
PACKAGE_BUGREPORT=''
PACKAGE_NAME=''
PACKAGE_STRING=''
PACKAGE_TARNAME=''
PACKAGE_URL=''
PACKAGE_VERSION=''
PATH_SEPARATOR=':'
PCRE_DATE='13-Sep-2004'
PCRE_LIB_VERSION='0:1:0'
PCRE_MAJOR='5'
PCRE_MINOR='0'
PCRE_POSIXLIB_VERSION='0:0:0'
PCRE_VERSION='5.0'
POSIX_MALLOC_THRESHOLD='-DPOSIX_MALLOC_THRESHOLD=10'
SHELL='/bin/sh'
UCP=''
UTF8=''
ac_ct_CC='gcc'
bindir='${prefix}/bin'
build_alias=''
datadir='${datarootdir}'
datarootdir='${prefix}/share'
docdir='${datarootdir}/doc/${PACKAGE}'
dvidir='${docdir}'
exec_prefix='/etc/httpd'
host_alias=''
htmldir='${docdir}'
includedir='/etc/httpd/include'
infodir='${datarootdir}/info'
libdir='${prefix}/lib'
libexecdir='${exec_prefix}/libexec'
localedir='${datarootdir}/locale'
localstatedir='${prefix}/var'
mandir='${datarootdir}/man'
oldincludedir='/usr/include'
pdfdir='${docdir}'
prefix='/etc/httpd'
program_transform_name='s,x,x,'
psdir='${docdir}'
sbindir='${exec_prefix}/sbin'
sharedstatedir='${prefix}/com'
sysconfdir='${prefix}/etc'
target_alias=''

## ----------- ##
## confdefs.h. ##
## ----------- ##

/* confdefs.h */
#define PACKAGE_NAME ""
#define PACKAGE_TARNAME ""
#define PACKAGE_VERSION ""
#define PACKAGE_STRING ""
#define PACKAGE_BUGREPORT ""
#define PACKAGE_URL ""
#define STDC_HEADERS 1
#define HAVE_SYS_TYPES_H 1
#define HAVE_SYS_STAT_H 1
#define HAVE_STDLIB_H 1
#define HAVE_STRING_H 1
#define HAVE_MEMORY_H 1
#define HAVE_STRINGS_H 1
#define HAVE_INTTYPES_H 1
#define HAVE_STDINT_H 1
#define HAVE_UNISTD_H 1
#define HAVE_LIMITS_H 1
#define HAVE_BCOPY 1
#define HAVE_MEMMOVE 1
#define HAVE_STRERROR 1

configure: exit 0
